<?xml version="1.0" encoding="UTF-8"?>
<!-- Generated by org.testng.reporters.JUnitReportReporter -->
<testsuite hostname="DESKTOP-C4UL4RO" failures="0" tests="1" name="fjportal.Group" time="0.000" errors="0" timestamp="2024-03-12T21:00:05 IST" skipped="1">
  <testcase classname="fjportal.Group" name="CreateGroup" time="0.000">
    <skipped/>
  </testcase> <!-- CreateGroup -->
  <system-out/>
</testsuite> <!-- fjportal.Group -->
