<?xml version="1.0" encoding="UTF-8"?>
<!-- Generated by org.testng.reporters.JUnitReportReporter -->
<testsuite hostname="DESKTOP-C4UL4RO" failures="0" tests="1" name="fjportal.AddExistingDBA" time="32.332" errors="0" timestamp="2024-03-08T09:19:39 IST" skipped="0">
  <testcase classname="fjportal.AddExistingDBA" name="AddDBA" time="32.332"/>
  <system-out/>
</testsuite> <!-- fjportal.AddExistingDBA -->
