<?xml version="1.0" encoding="UTF-8"?>
<!-- Generated by org.testng.reporters.JUnitReportReporter -->
<testsuite hostname="DESKTOP-C4UL4RO" failures="0" tests="1" name="fjportal.CreateNewEntity" time="38.546" errors="0" timestamp="2024-03-12T16:32:26 IST" skipped="0">
  <testcase classname="fjportal.CreateNewEntity" name="createEntity" time="38.546"/>
  <system-out/>
</testsuite> <!-- fjportal.CreateNewEntity -->
