<?xml version="1.0" encoding="UTF-8"?>
<!-- Generated by org.testng.reporters.JUnitReportReporter -->
<testsuite hostname="DESKTOP-C4UL4RO" failures="0" tests="1" name="fjportal.CreateNewEntity" time="41.543" errors="0" timestamp="2024-03-16T09:19:59 IST" skipped="0">
  <testcase classname="fjportal.CreateNewEntity" name="CreateNewEntity" time="41.543"/>
  <system-out>
    <![CDATA[New Entity created Successful]]>
  </system-out>
</testsuite> <!-- fjportal.CreateNewEntity -->
